\BOOKMARK [1][-]{section.1}{\376\377\000I\000n\000t\000r\000o\000d\000u\000c\000t\000i\000o\000n}{}% 1
\BOOKMARK [1][-]{section.2}{\376\377\000T\000h\000e\000\040\000T\000e\000x\000t\000-\000F\000i\000r\000s\000t\000\040\000P\000h\000i\000l\000o\000s\000o\000p\000h\000y}{}% 2
\BOOKMARK [1][-]{section.3}{\376\377\000T\000h\000r\000e\000a\000d\000-\000B\000a\000s\000e\000d\000\040\000C\000o\000n\000t\000e\000x\000t\000\040\000A\000r\000c\000h\000i\000t\000e\000c\000t\000u\000r\000e}{}% 3
\BOOKMARK [2][-]{subsection.3.1}{\376\377\000T\000e\000x\000t\000\040\000T\000h\000r\000e\000a\000d\000s\000\040\000v\000s\000\040\000A\000g\000e\000n\000t\000\040\000P\000a\000n\000e\000l}{section.3}% 4
\BOOKMARK [1][-]{section.4}{\376\377\000B\000u\000i\000l\000d\000i\000n\000g\000\040\000C\000o\000n\000t\000e\000x\000t\000:\000\040\000M\000a\000n\000u\000a\000l\000\040\000I\000n\000j\000e\000c\000t\000i\000o\000n\000\040\000M\000e\000t\000h\000o\000d\000s}{}% 5
\BOOKMARK [2][-]{subsection.4.1}{\376\377\000@\000-\000M\000e\000n\000t\000i\000o\000n\000s\000\040\000\050\000A\000g\000e\000n\000t\000\040\000P\000a\000n\000e\000l\000\040\000P\000r\000i\000m\000a\000r\000y\000\051}{section.4}% 6
\BOOKMARK [2][-]{subsection.4.2}{\376\377\000S\000l\000a\000s\000h\000\040\000C\000o\000m\000m\000a\000n\000d\000s\000\040\000\050\000T\000e\000x\000t\000\040\000T\000h\000r\000e\000a\000d\000s\000\040\000\046\000\040\000E\000x\000t\000e\000n\000s\000i\000o\000n\000s\000\051}{section.4}% 7
\BOOKMARK [1][-]{section.5}{\376\377\000S\000y\000s\000t\000e\000m\000\040\000P\000r\000o\000m\000p\000t\000\040\000C\000o\000n\000s\000t\000r\000u\000c\000t\000i\000o\000n}{}% 8
\BOOKMARK [2][-]{subsection.5.1}{\376\377\000R\000u\000l\000e\000s\000\040\000a\000n\000d\000\040\000P\000r\000o\000j\000e\000c\000t\000\040\000C\000o\000n\000t\000e\000x\000t}{section.5}% 9
\BOOKMARK [3][-]{subsubsection.5.1.1}{\376\377\000R\000u\000l\000e\000\040\000P\000r\000e\000c\000e\000d\000e\000n\000c\000e\000\040\000a\000n\000d\000\040\000L\000i\000m\000i\000t\000a\000t\000i\000o\000n\000s}{subsection.5.1}% 10
\BOOKMARK [1][-]{section.6}{\376\377\000A\000u\000t\000o\000m\000a\000t\000i\000c\000\040\000C\000o\000n\000t\000e\000x\000t\000\040\000v\000i\000a\000\040\000T\000o\000o\000l\000s}{}% 11
\BOOKMARK [2][-]{subsection.6.1}{\376\377\000B\000u\000i\000l\000t\000-\000i\000n\000\040\000T\000o\000o\000l\000s}{section.6}% 12
\BOOKMARK [2][-]{subsection.6.2}{\376\377\000P\000r\000o\000f\000i\000l\000e\000s}{section.6}% 13
\BOOKMARK [1][-]{section.7}{\376\377\000E\000x\000t\000e\000r\000n\000a\000l\000\040\000C\000o\000n\000t\000e\000x\000t\000:\000\040\000M\000C\000P\000\040\000a\000n\000d\000\040\000E\000x\000t\000e\000r\000n\000a\000l\000\040\000A\000g\000e\000n\000t\000s}{}% 14
\BOOKMARK [2][-]{subsection.7.1}{\376\377\000M\000o\000d\000e\000l\000\040\000C\000o\000n\000t\000e\000x\000t\000\040\000P\000r\000o\000t\000o\000c\000o\000l\000\040\000\050\000M\000C\000P\000\051}{section.7}% 15
\BOOKMARK [2][-]{subsection.7.2}{\376\377\000E\000x\000t\000e\000r\000n\000a\000l\000\040\000A\000g\000e\000n\000t\000s\000\040\000v\000i\000a\000\040\000A\000C\000P}{section.7}% 16
\BOOKMARK [1][-]{section.8}{\376\377\000S\000e\000s\000s\000i\000o\000n\000\040\000M\000e\000m\000o\000r\000y\000\040\000a\000n\000d\000\040\000S\000u\000m\000m\000a\000r\000i\000z\000a\000t\000i\000o\000n}{}% 17
\BOOKMARK [2][-]{subsection.8.1}{\376\377\000T\000h\000r\000e\000a\000d\000\040\000P\000e\000r\000s\000i\000s\000t\000e\000n\000c\000e}{section.8}% 18
\BOOKMARK [2][-]{subsection.8.2}{\376\377\000T\000o\000k\000e\000n\000\040\000P\000r\000e\000s\000s\000u\000r\000e\000\040\000a\000n\000d\000\040\000S\000u\000m\000m\000a\000r\000i\000z\000a\000t\000i\000o\000n}{section.8}% 19
\BOOKMARK [1][-]{section.9}{\376\377\000C\000o\000m\000p\000l\000e\000t\000e\000\040\000C\000o\000n\000t\000e\000x\000t\000\040\000F\000l\000o\000w}{}% 20
\BOOKMARK [1][-]{section.10}{\376\377\000O\000n\000l\000i\000n\000e\000\040\000v\000s\000\040\000O\000f\000f\000l\000i\000n\000e\000:\000\040\000C\000o\000n\000t\000e\000x\000t\000\040\000C\000o\000n\000s\000i\000s\000t\000e\000n\000c\000y}{}% 21
\BOOKMARK [1][-]{section.11}{\376\377\000S\000e\000c\000u\000r\000i\000t\000y\000\040\000a\000n\000d\000\040\000P\000r\000i\000v\000a\000c\000y\000\040\000o\000f\000\040\000C\000o\000n\000t\000e\000x\000t}{}% 22
\BOOKMARK [1][-]{section.12}{\376\377\000T\000e\000x\000t\000-\000F\000i\000r\000s\000t\000\040\000v\000s\000\040\000R\000A\000G\000-\000F\000i\000r\000s\000t\000:\000\040\000T\000r\000a\000d\000e\000o\000f\000f\000s}{}% 23
\BOOKMARK [2][-]{subsection.12.1}{\376\377\000A\000d\000v\000a\000n\000t\000a\000g\000e\000s}{section.12}% 24
\BOOKMARK [2][-]{subsection.12.2}{\376\377\000C\000o\000s\000t\000s}{section.12}% 25
\BOOKMARK [2][-]{subsection.12.3}{\376\377\000H\000y\000b\000r\000i\000d\000\040\000A\000p\000p\000r\000o\000a\000c\000h\000e\000s}{section.12}% 26
\BOOKMARK [1][-]{section.13}{\376\377\000C\000o\000n\000c\000l\000u\000s\000i\000o\000n}{}% 27
